{'seq_no': 1, 'de_flaws': [], 'en_flaws': [], 'pair_flaws': []}
{'seq_no': 2, 'de_flaws': [], 'en_flaws': [], 'pair_flaws': []}
{'seq_no': 3, 'de_flaws': [], 'en_flaws': [], 'pair_flaws': []}
{'seq_no': 4, 'de_flaws': [], 'en_flaws': [], 'pair_flaws': []}
{'seq_no': 5, 'de_flaws': [], 'en_flaws': [<function has_odd_number_of_quotes at 0x000002117AB6BE20>], 'pair_flaws': []}
{'seq_no': 6, 'de_flaws': [], 'en_flaws': [<function has_odd_number_of_quotes at 0x000002117AB6BE20>], 'pair_flaws': []}
{'seq_no': 7, 'de_flaws': [], 'en_flaws': [<function has_odd_number_of_quotes at 0x000002117AB6BE20>], 'pair_flaws': []}
{'seq_no': 8, 'de_flaws': [], 'en_flaws': [], 'pair_flaws': []}
{'seq_no': 9, 'de_flaws': [], 'en_flaws': [], 'pair_flaws': []}
{'seq_no': 10, 'de_flaws': [], 'en_flaws': [], 'pair_flaws': []}
{'seq_no': 11, 'de_flaws': [functools.partial(<function is_too_long at 0x000002117AB6BC40>, max_chars=300)], 'en_flaws': [<function has_odd_number_of_quotes at 0x000002117AB6BE20>], 'pair_flaws': []}
{'seq_no': 12, 'de_flaws': [], 'en_flaws': [], 'pair_flaws': []}
{'seq_no': 13, 'de_flaws': [], 'en_flaws': [], 'pair_flaws': []}
{'seq_no': 14, 'de_flaws': [], 'en_flaws': [], 'pair_flaws': []}
{'seq_no': 15, 'de_flaws': [], 'en_flaws': [], 'pair_flaws': []}
{'seq_no': 16, 'de_flaws': [], 'en_flaws': [], 'pair_flaws': []}
{'seq_no': 17, 'de_flaws': [], 'en_flaws': [], 'pair_flaws': []}
{'seq_no': 18, 'de_flaws': [], 'en_flaws': [], 'pair_flaws': []}
{'seq_no': 19, 'de_flaws': [], 'en_flaws': [], 'pair_flaws': []}
{'seq_no': 20, 'de_flaws': [], 'en_flaws': [], 'pair_flaws': []}
{'seq_no': 21, 'de_flaws': [], 'en_flaws': [], 'pair_flaws': []}
{'seq_no': 22, 'de_flaws': [], 'en_flaws': [<function has_odd_number_of_quotes at 0x000002117AB6BE20>], 'pair_flaws': []}
{'seq_no': 23, 'de_flaws': [], 'en_flaws': [], 'pair_flaws': []}
{'seq_no': 24, 'de_flaws': [functools.partial(<function is_too_long at 0x000002117AB6BC40>, max_chars=300)], 'en_flaws': [functools.partial(<function is_too_long at 0x000002117AB6BC40>, max_chars=300)], 'pair_flaws': []}
{'seq_no': 25, 'de_flaws': [], 'en_flaws': [], 'pair_flaws': []}
{'seq_no': 26, 'de_flaws': [], 'en_flaws': [], 'pair_flaws': []}
{'seq_no': 27, 'de_flaws': [], 'en_flaws': [], 'pair_flaws': []}
{'seq_no': 28, 'de_flaws': [], 'en_flaws': [], 'pair_flaws': []}
{'seq_no': 29, 'de_flaws': [], 'en_flaws': [], 'pair_flaws': []}
{'seq_no': 30, 'de_flaws': [], 'en_flaws': [], 'pair_flaws': []}
{'seq_no': 31, 'de_flaws': [], 'en_flaws': [], 'pair_flaws': []}
{'seq_no': 32, 'de_flaws': [functools.partial(<function is_too_long at 0x000002117AB6BC40>, max_chars=300)], 'en_flaws': [functools.partial(<function is_too_long at 0x000002117AB6BC40>, max_chars=300)], 'pair_flaws': []}
{'seq_no': 33, 'de_flaws': [], 'en_flaws': [functools.partial(<function is_too_long at 0x000002117AB6BC40>, max_chars=300), <function has_odd_number_of_quotes at 0x000002117AB6BE20>], 'pair_flaws': []}
{'seq_no': 34, 'de_flaws': [], 'en_flaws': [], 'pair_flaws': []}
{'seq_no': 35, 'de_flaws': [], 'en_flaws': [], 'pair_flaws': []}
{'seq_no': 36, 'de_flaws': [], 'en_flaws': [], 'pair_flaws': []}
{'seq_no': 37, 'de_flaws': [functools.partial(<function is_too_long at 0x000002117AB6BC40>, max_chars=300)], 'en_flaws': [], 'pair_flaws': []}
{'seq_no': 38, 'de_flaws': [], 'en_flaws': [], 'pair_flaws': []}
{'seq_no': 39, 'de_flaws': [], 'en_flaws': [<function has_odd_number_of_quotes at 0x000002117AB6BE20>], 'pair_flaws': []}
{'seq_no': 40, 'de_flaws': [], 'en_flaws': [], 'pair_flaws': []}
{'seq_no': 41, 'de_flaws': [], 'en_flaws': [], 'pair_flaws': []}
{'seq_no': 42, 'de_flaws': [], 'en_flaws': [], 'pair_flaws': []}
{'seq_no': 43, 'de_flaws': [], 'en_flaws': [], 'pair_flaws': []}
{'seq_no': 44, 'de_flaws': [], 'en_flaws': [], 'pair_flaws': []}
{'seq_no': 45, 'de_flaws': [], 'en_flaws': [], 'pair_flaws': []}
{'seq_no': 46, 'de_flaws': [], 'en_flaws': [], 'pair_flaws': []}
{'seq_no': 47, 'de_flaws': [], 'en_flaws': [], 'pair_flaws': []}
{'seq_no': 48, 'de_flaws': [], 'en_flaws': [], 'pair_flaws': []}
{'seq_no': 49, 'de_flaws': [], 'en_flaws': [], 'pair_flaws': []}
{'seq_no': 50, 'de_flaws': [], 'en_flaws': [], 'pair_flaws': []}
{'seq_no': 51, 'de_flaws': [], 'en_flaws': [], 'pair_flaws': []}
{'seq_no': 52, 'de_flaws': [], 'en_flaws': [], 'pair_flaws': []}
{'seq_no': 53, 'de_flaws': [], 'en_flaws': [], 'pair_flaws': []}
{'seq_no': 54, 'de_flaws': [], 'en_flaws': [<function has_odd_number_of_quotes at 0x000002117AB6BE20>], 'pair_flaws': []}
{'seq_no': 55, 'de_flaws': [], 'en_flaws': [], 'pair_flaws': []}
{'seq_no': 56, 'de_flaws': [], 'en_flaws': [], 'pair_flaws': []}
{'seq_no': 57, 'de_flaws': [], 'en_flaws': [], 'pair_flaws': []}
{'seq_no': 58, 'de_flaws': [functools.partial(<function is_too_long at 0x000002117AB6BC40>, max_chars=300)], 'en_flaws': [functools.partial(<function is_too_long at 0x000002117AB6BC40>, max_chars=300), <function has_odd_number_of_quotes at 0x000002117AB6BE20>], 'pair_flaws': []}
{'seq_no': 59, 'de_flaws': [], 'en_flaws': [<function has_odd_number_of_quotes at 0x000002117AB6BE20>], 'pair_flaws': []}
{'seq_no': 60, 'de_flaws': [], 'en_flaws': [], 'pair_flaws': []}
{'seq_no': 61, 'de_flaws': [], 'en_flaws': [], 'pair_flaws': []}
{'seq_no': 62, 'de_flaws': [], 'en_flaws': [], 'pair_flaws': []}
{'seq_no': 63, 'de_flaws': [], 'en_flaws': [], 'pair_flaws': []}
{'seq_no': 64, 'de_flaws': [], 'en_flaws': [], 'pair_flaws': []}
{'seq_no': 65, 'de_flaws': [], 'en_flaws': [], 'pair_flaws': []}
{'seq_no': 66, 'de_flaws': [], 'en_flaws': [], 'pair_flaws': []}
{'seq_no': 67, 'de_flaws': [], 'en_flaws': [functools.partial(<function is_too_short at 0x000002117AB6BBA0>, min_chars=10)], 'pair_flaws': []}
{'seq_no': 68, 'de_flaws': [], 'en_flaws': [], 'pair_flaws': []}
{'seq_no': 69, 'de_flaws': [], 'en_flaws': [], 'pair_flaws': []}
{'seq_no': 70, 'de_flaws': [], 'en_flaws': [], 'pair_flaws': []}
{'seq_no': 71, 'de_flaws': [], 'en_flaws': [], 'pair_flaws': []}
{'seq_no': 72, 'de_flaws': [], 'en_flaws': [], 'pair_flaws': []}
{'seq_no': 73, 'de_flaws': [], 'en_flaws': [], 'pair_flaws': []}
{'seq_no': 74, 'de_flaws': [functools.partial(<function is_too_long at 0x000002117AB6BC40>, max_chars=300)], 'en_flaws': [functools.partial(<function is_too_long at 0x000002117AB6BC40>, max_chars=300), <function has_odd_number_of_quotes at 0x000002117AB6BE20>], 'pair_flaws': []}
{'seq_no': 75, 'de_flaws': [], 'en_flaws': [<function has_odd_number_of_quotes at 0x000002117AB6BE20>], 'pair_flaws': []}
{'seq_no': 76, 'de_flaws': [functools.partial(<function is_too_long at 0x000002117AB6BC40>, max_chars=300)], 'en_flaws': [], 'pair_flaws': []}
{'seq_no': 77, 'de_flaws': [], 'en_flaws': [], 'pair_flaws': []}
{'seq_no': 78, 'de_flaws': [], 'en_flaws': [], 'pair_flaws': []}
{'seq_no': 79, 'de_flaws': [functools.partial(<function is_too_long at 0x000002117AB6BC40>, max_chars=300), <function has_unbalanced_brackets at 0x000002117AB6BEC0>], 'en_flaws': [], 'pair_flaws': []}
{'seq_no': 80, 'de_flaws': [], 'en_flaws': [], 'pair_flaws': []}
{'seq_no': 81, 'de_flaws': [functools.partial(<function is_too_long at 0x000002117AB6BC40>, max_chars=300), <function has_unbalanced_brackets at 0x000002117AB6BEC0>], 'en_flaws': [functools.partial(<function is_too_long at 0x000002117AB6BC40>, max_chars=300)], 'pair_flaws': []}
{'seq_no': 82, 'de_flaws': [functools.partial(<function is_too_long at 0x000002117AB6BC40>, max_chars=300)], 'en_flaws': [functools.partial(<function is_too_long at 0x000002117AB6BC40>, max_chars=300), <function has_odd_number_of_quotes at 0x000002117AB6BE20>], 'pair_flaws': []}
{'seq_no': 83, 'de_flaws': [functools.partial(<function is_too_long at 0x000002117AB6BC40>, max_chars=300)], 'en_flaws': [functools.partial(<function is_too_long at 0x000002117AB6BC40>, max_chars=300)], 'pair_flaws': []}
{'seq_no': 84, 'de_flaws': [functools.partial(<function is_too_long at 0x000002117AB6BC40>, max_chars=300)], 'en_flaws': [functools.partial(<function is_too_long at 0x000002117AB6BC40>, max_chars=300)], 'pair_flaws': []}
{'seq_no': 85, 'de_flaws': [], 'en_flaws': [], 'pair_flaws': []}
{'seq_no': 86, 'de_flaws': [], 'en_flaws': [], 'pair_flaws': []}
{'seq_no': 87, 'de_flaws': [], 'en_flaws': [], 'pair_flaws': []}
{'seq_no': 88, 'de_flaws': [], 'en_flaws': [], 'pair_flaws': []}
{'seq_no': 89, 'de_flaws': [], 'en_flaws': [], 'pair_flaws': []}
{'seq_no': 90, 'de_flaws': [], 'en_flaws': [], 'pair_flaws': []}
{'seq_no': 91, 'de_flaws': [], 'en_flaws': [], 'pair_flaws': []}
{'seq_no': 92, 'de_flaws': [], 'en_flaws': [], 'pair_flaws': []}
{'seq_no': 93, 'de_flaws': [], 'en_flaws': [], 'pair_flaws': []}
{'seq_no': 94, 'de_flaws': [], 'en_flaws': [], 'pair_flaws': []}
{'seq_no': 95, 'de_flaws': [], 'en_flaws': [], 'pair_flaws': []}
{'seq_no': 96, 'de_flaws': [], 'en_flaws': [], 'pair_flaws': []}
{'seq_no': 97, 'de_flaws': [], 'en_flaws': [], 'pair_flaws': []}
{'seq_no': 98, 'de_flaws': [], 'en_flaws': [], 'pair_flaws': []}
{'seq_no': 99, 'de_flaws': [], 'en_flaws': [], 'pair_flaws': []}
{'seq_no': 100, 'de_flaws': [], 'en_flaws': [], 'pair_flaws': []}
